<?xml version="1.0" encoding="UTF-8"?>
<!-- Generated by org.testng.reporters.JUnitXMLReporter -->
<testsuite hostname="Rajesh-PC" name="Test" tests="4" failures="0" timestamp="31 Jul 2020 09:49:12 GMT" time="64.019" errors="0">
  <testcase name="SearchProduct" time="12.92" classname="Scenarios.Scenario1"/>
  <testcase name="AddProductToCart" time="16.979" classname="Scenarios.Scenario2"/>
  <testcase name="ViewMoreAndAddToCart" time="20.548" classname="Scenarios.Scenario3"/>
  <testcase name="LoginPageFailure" time="13.55" classname="Scenarios.Scenario4"/>
</testsuite> <!-- Test -->
